   
-Mon 05/11/2015 --  9:24:50.04-  
   
-Mon 06/08/2015 -- 12:22:30.24-  
error: device offline
error: device offline
   
-Wed 06/10/2015 -- 10:23:48.82-  
   
-Wed 06/10/2015 -- 10:28:46.16-  
   
-Wed 06/10/2015 -- 10:47:40.07-  
   
-Wed 06/24/2015 --  9:32:00.54-  
error: device offline
error: device offline
   
-Tue 07/07/2015 --  7:32:40.90-  
   
-Tue 08/11/2015 -- 15:24:53.55-  
2164 KB/s (212957 bytes in 0.096s)
   
-Tue 10/06/2015 --  7:47:45.38-  
pull: building file list...
pull: /storage/sdcard0/recovery_logs/last_recovery -> recovery_logs/last_recovery
pull: /storage/sdcard0/recovery_logs/last_log.4 -> recovery_logs/last_log.4
pull: /storage/sdcard0/recovery_logs/last_log.3 -> recovery_logs/last_log.3
pull: /storage/sdcard0/recovery_logs/last_log.2 -> recovery_logs/last_log.2
pull: /storage/sdcard0/recovery_logs/last_log.1 -> recovery_logs/last_log.1
pull: /storage/sdcard0/recovery_logs/last_log -> recovery_logs/last_log
pull: /storage/sdcard0/recovery_logs/last_last_kernel -> recovery_logs/last_last_kernel
pull: /storage/sdcard0/recovery_logs/last_kernel -> recovery_logs/last_kernel
pull: /storage/sdcard0/recovery_logs/last_install -> recovery_logs/last_install
pull: /storage/sdcard0/recovery_logs/last_command -> recovery_logs/last_command
10 files pulled. 0 files skipped.
2001 KB/s (351865 bytes in 0.171s)
   
-Tue 10/06/2015 --  8:20:54.36-  
pull: building file list...
pull: /storage/sdcard0/recovery_logs/last_recovery -> recovery_logs/last_recovery
pull: /storage/sdcard0/recovery_logs/last_log.4 -> recovery_logs/last_log.4
pull: /storage/sdcard0/recovery_logs/last_log.3 -> recovery_logs/last_log.3
pull: /storage/sdcard0/recovery_logs/last_log.2 -> recovery_logs/last_log.2
pull: /storage/sdcard0/recovery_logs/last_log.1 -> recovery_logs/last_log.1
pull: /storage/sdcard0/recovery_logs/last_log -> recovery_logs/last_log
pull: /storage/sdcard0/recovery_logs/last_last_kernel -> recovery_logs/last_last_kernel
pull: /storage/sdcard0/recovery_logs/last_kernel -> recovery_logs/last_kernel
pull: /storage/sdcard0/recovery_logs/last_install -> recovery_logs/last_install
pull: /storage/sdcard0/recovery_logs/last_command -> recovery_logs/last_command
10 files pulled. 0 files skipped.
1735 KB/s (280786 bytes in 0.158s)
   
-Tue 10/06/2015 --  8:34:17.36-  
pull: building file list...
pull: /storage/sdcard0/recovery_logs/last_recovery -> recovery_logs/last_recovery
pull: /storage/sdcard0/recovery_logs/last_log.4 -> recovery_logs/last_log.4
pull: /storage/sdcard0/recovery_logs/last_log.3 -> recovery_logs/last_log.3
pull: /storage/sdcard0/recovery_logs/last_log.2 -> recovery_logs/last_log.2
pull: /storage/sdcard0/recovery_logs/last_log.1 -> recovery_logs/last_log.1
pull: /storage/sdcard0/recovery_logs/last_log -> recovery_logs/last_log
pull: /storage/sdcard0/recovery_logs/last_last_kernel -> recovery_logs/last_last_kernel
pull: /storage/sdcard0/recovery_logs/last_kernel -> recovery_logs/last_kernel
pull: /storage/sdcard0/recovery_logs/last_install -> recovery_logs/last_install
pull: /storage/sdcard0/recovery_logs/last_command -> recovery_logs/last_command
10 files pulled. 0 files skipped.
1329 KB/s (339827 bytes in 0.249s)
   
-Tue 10/06/2015 --  8:38:59.54-  
pull: building file list...
pull: /cache/recovery/last_log -> recovery_logs/last_log
pull: /cache/recovery/storage.fstab -> recovery_logs/storage.fstab
pull: /cache/recovery/recovery.fstab -> recovery_logs/recovery.fstab
pull: /cache/recovery/.version -> recovery_logs/.version
pull: /cache/recovery/log -> recovery_logs/log
5 files pulled. 0 files skipped.
874 KB/s (27943 bytes in 0.031s)
pull: building file list...
pull: /cache/recovery/last_log -> recovery_logs/last_log
pull: /cache/recovery/storage.fstab -> recovery_logs/storage.fstab
pull: /cache/recovery/recovery.fstab -> recovery_logs/recovery.fstab
pull: /cache/recovery/.version -> recovery_logs/.version
pull: /cache/recovery/log -> recovery_logs/log
5 files pulled. 0 files skipped.
863 KB/s (55211 bytes in 0.062s)
pull: building file list...
pull: /storage/sdcard0/recovery_logs/last_log -> recovery_logs/last_log
1 file pulled. 0 files skipped.
1738 KB/s (83320 bytes in 0.046s)
   
-Tue 10/06/2015 -- 10:16:30.06-  
4067 KB/s (259910 bytes in 0.062s)
24 KB/s (25057 bytes in 1.000s)
   
-Tue 10/06/2015 -- 10:17:11.34-  
pull: building file list...
pull: /cache/recovery/last_log -> recovery_logs/last_log
pull: /cache/recovery/storage.fstab -> recovery_logs/storage.fstab
pull: /cache/recovery/recovery.fstab -> recovery_logs/recovery.fstab
pull: /cache/recovery/.version -> recovery_logs/.version
pull: /cache/recovery/log -> recovery_logs/log
5 files pulled. 0 files skipped.
1854 KB/s (59257 bytes in 0.031s)
   
-Wed 10/07/2015 --  7:16:51.38-  
